[    0.000000] Linux version 4.15.0-132-generic (buildd@lgw01-amd64-036) (gcc version 7.5.0 (Ubuntu 7.5.0-3ubuntu1~18.04)) #136-Ubuntu SMP Tue Jan 12 14:58:42 UTC 2021 (Ubuntu 4.15.0-132.136-generic 4.15.18)
[    0.000000] Command line: BOOT_IMAGE=/boot/vmlinuz-4.15.0-132-generic root=UUID=72825086-8aea-4c69-bfc8-4be25d60c63b ro console=tty1 console=ttyS0
[    0.000000] KERNEL supported cpus:
[    0.000000]   Intel GenuineIntel
[    0.000000]   AMD AuthenticAMD
[    0.000000]   Centaur CentaurHauls
[    0.000000] x86/fpu: Supporting XSAVE feature 0x001: 'x87 floating point registers'
[    0.000000] x86/fpu: Supporting XSAVE feature 0x002: 'SSE registers'
[    0.000000] x86/fpu: Supporting XSAVE feature 0x004: 'AVX registers'
[    0.000000] x86/fpu: xstate_offset[2]:  576, xstate_sizes[2]:  256
[    0.000000] x86/fpu: Enabled xstate features 0x7, context size is 832 bytes, using 'standard' format.
[    0.000000] e820: BIOS-provided physical RAM map:
[    0.000000] BIOS-e820: [mem 0x0000000000000000-0x000000000009fbff] usable
[    0.000000] BIOS-e820: [mem 0x000000000009fc00-0x000000000009ffff] reserved
[    0.000000] BIOS-e820: [mem 0x00000000000f0000-0x00000000000fffff] reserved
[    0.000000] BIOS-e820: [mem 0x0000000000100000-0x000000003ffeffff] usable
[    0.000000] BIOS-e820: [mem 0x000000003fff0000-0x000000003fffffff] ACPI data
[    0.000000] BIOS-e820: [mem 0x00000000fec00000-0x00000000fec00fff] reserved
[    0.000000] BIOS-e820: [mem 0x00000000fee00000-0x00000000fee00fff] reserved
[    0.000000] BIOS-e820: [mem 0x00000000fffc0000-0x00000000ffffffff] reserved
[    0.000000] NX (Execute Disable) protection: active
[    0.000000] SMBIOS 2.5 present.
[    0.000000] DMI: innotek GmbH VirtualBox/VirtualBox, BIOS VirtualBox 12/01/2006
[    0.000000] Hypervisor detected: KVM
[    0.000000] e820: last_pfn = 0x3fff0 max_arch_pfn = 0x400000000
[    0.000000] MTRR: Disabled
[    0.000000] x86/PAT: MTRRs disabled, skipping PAT initialization too.
[    0.000000] CPU MTRRs all blank - virtualized system.
[    0.000000] x86/PAT: Configuration [0-7]: WB  WT  UC- UC  WB  WT  UC- UC  
[    0.000000] found SMP MP-table at [mem 0x0009fff0-0x0009ffff]
[    0.000000] Scanning 1 areas for low memory corruption
[    0.000000] RAMDISK: [mem 0x3595d000-0x36ca5fff]
[    0.000000] ACPI: Early table checksum verification disabled
[    0.000000] ACPI: RSDP 0x00000000000E0000 000024 (v02 VBOX  )
[    0.000000] ACPI: XSDT 0x000000003FFF0030 00003C (v01 VBOX   VBOXXSDT 00000001 ASL  00000061)
[    0.000000] ACPI: FACP 0x000000003FFF00F0 0000F4 (v04 VBOX   VBOXFACP 00000001 ASL  00000061)
[    0.000000] ACPI: DSDT 0x000000003FFF0470 0022EA (v02 VBOX   VBOXBIOS 00000002 INTL 20100528)
[    0.000000] ACPI: FACS 0x000000003FFF0200 000040
[    0.000000] ACPI: FACS 0x000000003FFF0200 000040
[    0.000000] ACPI: APIC 0x000000003FFF0240 00005C (v02 VBOX   VBOXAPIC 00000001 ASL  00000061)
[    0.000000] ACPI: SSDT 0x000000003FFF02A0 0001CC (v01 VBOX   VBOXCPUT 00000002 INTL 20100528)
[    0.000000] No NUMA configuration found
[    0.000000] Faking a node at [mem 0x0000000000000000-0x000000003ffeffff]
[    0.000000] NODE_DATA(0) allocated [mem 0x3ffc5000-0x3ffeffff]
[    0.000000] kvm-clock: cpu 0, msr 0:3ff44001, primary cpu clock
[    0.000000] kvm-clock: Using msrs 4b564d01 and 4b564d00
[    0.000000] kvm-clock: using sched offset of 6261247117 cycles
[    0.000000] clocksource: kvm-clock: mask: 0xffffffffffffffff max_cycles: 0x1cd42e4dffb, max_idle_ns: 881590591483 ns
[    0.000000] Zone ranges:
[    0.000000]   DMA      [mem 0x0000000000001000-0x0000000000ffffff]
[    0.000000]   DMA32    [mem 0x0000000001000000-0x000000003ffeffff]
[    0.000000]   Normal   empty
[    0.000000]   Device   empty
[    0.000000] Movable zone start for each node
[    0.000000] Early memory node ranges
[    0.000000]   node   0: [mem 0x0000000000001000-0x000000000009efff]
[    0.000000]   node   0: [mem 0x0000000000100000-0x000000003ffeffff]
[    0.000000] Reserved but unavailable: 98 pages
[    0.000000] Initmem setup node 0 [mem 0x0000000000001000-0x000000003ffeffff]
[    0.000000] ACPI: PM-Timer IO Port: 0x4008
[    0.000000] IOAPIC[0]: apic_id 2, version 32, address 0xfec00000, GSI 0-23
[    0.000000] ACPI: INT_SRC_OVR (bus 0 bus_irq 0 global_irq 2 dfl dfl)
[    0.000000] ACPI: INT_SRC_OVR (bus 0 bus_irq 9 global_irq 9 low level)
[    0.000000] Using ACPI (MADT) for SMP configuration information
[    0.000000] smpboot: Allowing 2 CPUs, 0 hotplug CPUs
[    0.000000] PM: Registered nosave memory: [mem 0x00000000-0x00000fff]
[    0.000000] PM: Registered nosave memory: [mem 0x0009f000-0x0009ffff]
[    0.000000] PM: Registered nosave memory: [mem 0x000a0000-0x000effff]
[    0.000000] PM: Registered nosave memory: [mem 0x000f0000-0x000fffff]
[    0.000000] e820: [mem 0x40000000-0xfebfffff] available for PCI devices
[    0.000000] Booting paravirtualized kernel on KVM
[    0.000000] clocksource: refined-jiffies: mask: 0xffffffff max_cycles: 0xffffffff, max_idle_ns: 7645519600211568 ns
[    0.000000] random: get_random_bytes called from start_kernel+0x99/0x500 with crng_init=0
[    0.000000] setup_percpu: NR_CPUS:8192 nr_cpumask_bits:2 nr_cpu_ids:2 nr_node_ids:1
[    0.000000] percpu: Embedded 45 pages/cpu s147456 r8192 d28672 u1048576
[    0.000000] PV qspinlock hash table entries: 256 (order: 0, 4096 bytes)
[    0.000000] Built 1 zonelists, mobility grouping on.  Total pages: 257913
[    0.000000] Policy zone: DMA32
[    0.000000] Kernel command line: BOOT_IMAGE=/boot/vmlinuz-4.15.0-132-generic root=UUID=72825086-8aea-4c69-bfc8-4be25d60c63b ro console=tty1 console=ttyS0
[    0.000000] Memory: 982496K/1048120K available (12300K kernel code, 2482K rwdata, 4276K rodata, 2440K init, 2724K bss, 65624K reserved, 0K cma-reserved)
[    0.000000] SLUB: HWalign=64, Order=0-3, MinObjects=0, CPUs=2, Nodes=1
[    0.000000] ftrace: allocating 39421 entries in 154 pages
[    0.004000] Hierarchical RCU implementation.
[    0.004000] 	RCU restricting CPUs from NR_CPUS=8192 to nr_cpu_ids=2.
[    0.004000] 	Tasks RCU enabled.
[    0.004000] RCU: Adjusting geometry for rcu_fanout_leaf=16, nr_cpu_ids=2
[    0.004000] NR_IRQS: 524544, nr_irqs: 440, preallocated irqs: 16
[    0.004000] Console: colour VGA+ 80x25
[    0.004000] console [tty1] enabled
[    0.004000] console [ttyS0] enabled
[    0.004000] ACPI: Core revision 20170831
[    0.004000] ACPI: 2 ACPI AML tables successfully acquired and loaded
[    0.004000] APIC: Switch to symmetric I/O mode setup
[    0.004000] x2apic enabled
[    0.004017] Switched APIC routing to physical x2apic.
[    0.011472] ..TIMER: vector=0x30 apic1=0 pin1=2 apic2=-1 pin2=-1
[    0.012008] tsc: Detected 1497.594 MHz processor
[    0.020031] Calibrating delay loop (skipped) preset value.. 2995.18 BogoMIPS (lpj=5990376)
[    0.024010] pid_max: default: 32768 minimum: 301
[    0.028075] Security Framework initialized
[    0.032010] Yama: becoming mindful.
[    0.035326] AppArmor: AppArmor initialized
[    0.036298] Dentry cache hash table entries: 131072 (order: 8, 1048576 bytes)
[    0.040130] Inode-cache hash table entries: 65536 (order: 7, 524288 bytes)
[    0.044035] Mount-cache hash table entries: 2048 (order: 2, 16384 bytes)
[    0.047554] Mountpoint-cache hash table entries: 2048 (order: 2, 16384 bytes)
[    0.052526] Last level iTLB entries: 4KB 0, 2MB 0, 4MB 0
[    0.056008] Last level dTLB entries: 4KB 0, 2MB 0, 4MB 0, 1GB 0
[    0.059598] Spectre V1 : Mitigation: usercopy/swapgs barriers and __user pointer sanitization
[    0.060048] unchecked MSR access error: WRMSR to 0x48 (tried to write 0x0000000000000001) at rIP: 0xffffffff8a46f428 (native_write_msr+0x8/0x30)
[    0.064008] Call Trace:
[    0.065378]  wrmsrl+0x16/0x20
[    0.068015]  check_bugs+0x263/0xa11
[    0.072014]  ? delayacct_init+0x52/0x70
[    0.074940]  start_kernel+0x4b8/0x500
[    0.076015]  x86_64_start_reservations+0x24/0x26
[    0.080013]  x86_64_start_kernel+0x74/0x77
[    0.084015]  secondary_startup_64+0xa5/0xb0
[    0.088012] Spectre V2 : Mitigation: Enhanced IBRS
[    0.091343] Spectre V2 : Spectre v2 / SpectreRSB mitigation: Filling RSB on context switch
[    0.092009] Speculative Store Bypass: Vulnerable
[    0.095160] Freeing SMP alternatives memory: 36K
[    0.212837] smpboot: CPU0: Intel(R) Core(TM) i5-1035G7 CPU @ 1.20GHz (family: 0x6, model: 0x7e, stepping: 0x5)
[    0.216188] Performance Events: unsupported p6 CPU model 126 no PMU driver, software events only.
[    0.220081] Hierarchical SRCU implementation.
[    0.225846] NMI watchdog: Perf event create on CPU 0 failed with -2
[    0.228008] NMI watchdog: Perf NMI watchdog permanently disabled
[    0.232146] smp: Bringing up secondary CPUs ...
[    0.236202] x86: Booting SMP configuration:
[    0.238389] .... node  #0, CPUs:      #1
[    0.004000] kvm-clock: cpu 1, msr 0:3ff44041, secondary cpu clock
[    0.247737] smp: Brought up 1 node, 2 CPUs
[    0.248016] smpboot: Max logical packages: 1
[    0.252000] smpboot: Total of 2 processors activated (5990.37 BogoMIPS)
[    0.252302] devtmpfs: initialized
[    0.256253] x86/mm: Memory block size: 128MB
[    0.260398] evm: security.selinux
[    0.262289] evm: security.SMACK64
[    0.264008] evm: security.SMACK64EXEC
[    0.268008] evm: security.SMACK64TRANSMUTE
[    0.270478] evm: security.SMACK64MMAP
[    0.272007] evm: security.apparmor
[    0.274045] evm: security.ima
[    0.276010] evm: security.capability
[    0.280385] clocksource: jiffies: mask: 0xffffffff max_cycles: 0xffffffff, max_idle_ns: 7645041785100000 ns
[    0.284029] futex hash table entries: 512 (order: 3, 32768 bytes)
[    0.292000] pinctrl core: initialized pinctrl subsystem
[    0.292323] RTC time:  4:43:01, date: 02/14/21
[    0.296161] NET: Registered protocol family 16
[    0.298588] audit: initializing netlink subsys (disabled)
[    0.300087] audit: type=2000 audit(1613277788.831:1): state=initialized audit_enabled=0 res=1
[    0.304022] cpuidle: using governor ladder
[    0.308027] cpuidle: using governor menu
[    0.312103] ACPI: bus type PCI registered
[    0.315452] acpiphp: ACPI Hot Plug PCI Controller Driver version: 0.5
[    0.316262] PCI: Using configuration type 1 for base access
[    0.325146] HugeTLB registered 2.00 MiB page size, pre-allocated 0 pages
[    0.332260] ACPI: Added _OSI(Module Device)
[    0.336021] ACPI: Added _OSI(Processor Device)
[    0.340009] ACPI: Added _OSI(3.0 _SCP Extensions)
[    0.344011] ACPI: Added _OSI(Processor Aggregator Device)
[    0.348009] ACPI: Added _OSI(Linux-Dell-Video)
[    0.350327] ACPI: Added _OSI(Linux-Lenovo-NV-HDMI-Audio)
[    0.352006] ACPI: Added _OSI(Linux-HPI-Hybrid-Graphics)
[    0.356799] ACPI: Executed 1 blocks of module-level executable AML code
[    0.370481] ACPI: Interpreter enabled
[    0.372042] ACPI: (supports S0 S5)
[    0.373839] ACPI: Using IOAPIC for interrupt routing
[    0.376617] PCI: Using host bridge windows from ACPI; if necessary, use "pci=nocrs" and report a bug
[    0.380493] ACPI: Enabled 2 GPEs in block 00 to 07
[    0.404000] ACPI: PCI Root Bridge [PCI0] (domain 0000 [bus 00-ff])
[    0.404022] acpi PNP0A03:00: _OSC: OS supports [ASPM ClockPM Segments MSI]
[    0.409221] acpi PNP0A03:00: _OSC: not requesting OS control; OS requires [ExtendedConfig ASPM ClockPM MSI]
[    0.412038] acpi PNP0A03:00: fail to add MMCONFIG information, can't access extended PCI configuration space under this bridge.
[    0.416991] PCI host bridge to bus 0000:00
[    0.420015] pci_bus 0000:00: root bus resource [io  0x0000-0x0cf7 window]
[    0.424017] pci_bus 0000:00: root bus resource [io  0x0d00-0xffff window]
[    0.428018] pci_bus 0000:00: root bus resource [mem 0x000a0000-0x000bffff window]
[    0.432589] pci_bus 0000:00: root bus resource [mem 0x40000000-0xfdffffff window]
[    0.436019] pci_bus 0000:00: root bus resource [bus 00-ff]
[    0.445946] pci 0000:00:01.1: legacy IDE quirk: reg 0x10: [io  0x01f0-0x01f7]
[    0.448014] pci 0000:00:01.1: legacy IDE quirk: reg 0x14: [io  0x03f6]
[    0.452024] pci 0000:00:01.1: legacy IDE quirk: reg 0x18: [io  0x0170-0x0177]
[    0.456009] pci 0000:00:01.1: legacy IDE quirk: reg 0x1c: [io  0x0376]
[    0.508889] pci 0000:00:07.0: quirk: [io  0x4000-0x403f] claimed by PIIX4 ACPI
[    0.512073] pci 0000:00:07.0: quirk: [io  0x4100-0x410f] claimed by PIIX4 SMB
[    0.536021] ACPI: PCI Interrupt Link [LNKA] (IRQs 5 9 10 *11)
[    0.541510] ACPI: PCI Interrupt Link [LNKB] (IRQs 5 9 *10 11)
[    0.548070] ACPI: PCI Interrupt Link [LNKC] (IRQs 5 *9 10 11)
[    0.552547] ACPI: PCI Interrupt Link [LNKD] (IRQs 5 9 10 *11)
[    0.561187] SCSI subsystem initialized
[    0.564117] pci 0000:00:02.0: vgaarb: setting as boot VGA device
[    0.568000] pci 0000:00:02.0: vgaarb: VGA device added: decodes=io+mem,owns=io+mem,locks=none
[    0.568024] pci 0000:00:02.0: vgaarb: bridge control possible
[    0.572019] vgaarb: loaded
[    0.576141] ACPI: bus type USB registered
[    0.580091] usbcore: registered new interface driver usbfs
[    0.584068] usbcore: registered new interface driver hub
[    0.588125] usbcore: registered new device driver usb
[    0.592239] EDAC MC: Ver: 3.0.0
[    0.596893] PCI: Using ACPI for IRQ routing
[    0.604455] NetLabel: Initializing
[    0.606534] NetLabel:  domain hash size = 128
[    0.608009] NetLabel:  protocols = UNLABELED CIPSOv4 CALIPSO
[    0.612074] NetLabel:  unlabeled traffic allowed by default
[    0.616248] clocksource: Switched to clocksource kvm-clock
[    0.673867] VFS: Disk quotas dquot_6.6.0
[    0.677478] VFS: Dquot-cache hash table entries: 512 (order 0, 4096 bytes)
[    0.682282] AppArmor: AppArmor Filesystem Enabled
[    0.686563] pnp: PnP ACPI init
[    0.691078] pnp: PnP ACPI: found 3 devices
[    0.712229] clocksource: acpi_pm: mask: 0xffffff max_cycles: 0xffffff, max_idle_ns: 2085701024 ns
[    0.716133] NET: Registered protocol family 2
[    0.722167] TCP established hash table entries: 8192 (order: 4, 65536 bytes)
[    0.727751] TCP bind hash table entries: 8192 (order: 5, 131072 bytes)
[    0.735349] TCP: Hash tables configured (established 8192 bind 8192)
[    0.743881] UDP hash table entries: 512 (order: 2, 16384 bytes)
[    0.747073] UDP-Lite hash table entries: 512 (order: 2, 16384 bytes)
[    0.750285] NET: Registered protocol family 1
[    0.752250] pci 0000:00:00.0: Limiting direct PCI/PCI transfers
[    0.754941] pci 0000:00:01.0: Activating ISA DMA hang workarounds
[    0.757732] pci 0000:00:02.0: Video device with shadowed ROM at [mem 0x000c0000-0x000dffff]
[    0.761944] Unpacking initramfs...
[    1.859773] Freeing initrd memory: 19748K
[    1.862431] clocksource: tsc: mask: 0xffffffffffffffff max_cycles: 0x159641d11fe, max_idle_ns: 440795265852 ns
[    1.867616] platform rtc_cmos: registered platform RTC device (no PNP device found)
[    1.871824] Scanning for low memory corruption every 60 seconds
[    1.876957] Initialise system trusted keyrings
[    1.881014] Key type blacklist registered
[    1.885224] workingset: timestamp_bits=36 max_order=18 bucket_order=0
[    1.893444] zbud: loaded
[    1.897019] squashfs: version 4.0 (2009/01/31) Phillip Lougher
[    1.902594] fuse init (API version 7.26)
[    1.913437] Key type asymmetric registered
[    1.916284] Asymmetric key parser 'x509' registered
[    1.919277] Block layer SCSI generic (bsg) driver version 0.4 loaded (major 246)
[    1.924125] io scheduler noop registered
[    1.926645] io scheduler deadline registered
[    1.929580] io scheduler cfq registered (default)
[    1.933038] ACPI: AC Adapter [AC] (off-line)
[    1.935437] input: Power Button as /devices/LNXSYSTM:00/LNXPWRBN:00/input/input0
[    1.939228] ACPI: Power Button [PWRF]
[    1.941380] input: Sleep Button as /devices/LNXSYSTM:00/LNXSLPBN:00/input/input1
[    1.945152] ACPI: Sleep Button [SLPF]
[    1.950582] Serial: 8250/16550 driver, 32 ports, IRQ sharing enabled
[    1.953433] ACPI: Battery Slot [BAT0] (battery present)
[    1.979418] 00:02: ttyS0 at I/O 0x3f8 (irq = 4, base_baud = 115200) is a 16550A
[    1.989158] Linux agpgart interface v0.103
[    2.005529] loop: module loaded
[    2.011557] scsi host0: ata_piix
[    2.015291] scsi host1: ata_piix
[    2.018301] ata1: PATA max UDMA/33 cmd 0x1f0 ctl 0x3f6 bmdma 0xd000 irq 14
[    2.024453] ata2: PATA max UDMA/33 cmd 0x170 ctl 0x376 bmdma 0xd008 irq 15
[    2.032418] libphy: Fixed MDIO Bus: probed
[    2.035844] tun: Universal TUN/TAP device driver, 1.6
[    2.039229] PPP generic driver version 2.4.2
[    2.043085] ehci_hcd: USB 2.0 'Enhanced' Host Controller (EHCI) Driver
[    2.047027] ehci-pci: EHCI PCI platform driver
[    2.049826] ehci-platform: EHCI generic platform driver
[    2.053029] ohci_hcd: USB 1.1 'Open' Host Controller (OHCI) Driver
[    2.056158] ohci-pci: OHCI PCI platform driver
[    2.058333] ohci-platform: OHCI generic platform driver
[    2.060705] uhci_hcd: USB Universal Host Controller Interface driver
[    2.063972] i8042: PNP: PS/2 Controller [PNP0303:PS2K,PNP0f03:PS2M] at 0x60,0x64 irq 1,12
[    2.070572] serio: i8042 KBD port at 0x60,0x64 irq 1
[    2.074205] serio: i8042 AUX port at 0x60,0x64 irq 12
[    2.078432] mousedev: PS/2 mouse device common for all mice
[    2.084967] input: AT Translated Set 2 keyboard as /devices/platform/i8042/serio0/input/input2
[    2.089238] rtc_cmos rtc_cmos: rtc core: registered rtc_cmos as rtc0
[    2.097381] rtc_cmos rtc_cmos: alarms up to one day, 114 bytes nvram
[    2.101060] i2c /dev entries driver
[    2.104184] device-mapper: uevent: version 1.0.3
[    2.107231] device-mapper: ioctl: 4.37.0-ioctl (2017-09-20) initialised: dm-devel@redhat.com
[    2.111837] ledtrig-cpu: registered to indicate activity on CPUs
[    2.117498] NET: Registered protocol family 10
[    2.135245] Segment Routing with IPv6
[    2.137670] NET: Registered protocol family 17
[    2.140724] Key type dns_resolver registered
[    2.143937] mce: Using 0 MCE banks
[    2.146300] RAS: Correctable Errors collector initialized.
[    2.149533] sched_clock: Marking stable (2149461990, 0)->(2696843676, -547381686)
[    2.155082] registered taskstats version 1
[    2.158879] Loading compiled-in X.509 certificates
[    2.170479] Loaded X.509 cert 'Build time autogenerated kernel key: a98b2ffd047997e948f693688a19fea0dd669537'
[    2.178832] zswap: loaded using pool lzo/zbud
[    2.192834] Key type big_key registered
[    2.196727] Key type trusted registered
[    2.204451] Key type encrypted registered
[    2.208417] AppArmor: AppArmor sha1 policy hashing enabled
[    2.213320] ima: No TPM chip found, activating TPM-bypass! (rc=-19)
[    2.217834] ima: Allocated hash algorithm: sha1
[    2.220233] evm: HMAC attrs: 0x1
[    2.223132]   Magic number: 9:133:717
[    2.226153] rtc_cmos rtc_cmos: setting system clock to 2021-02-14 04:43:03 UTC (1613277783)
[    2.231600] BIOS EDD facility v0.16 2004-Jun-25, 0 devices found
[    2.235061] EDD information not available.
[    2.242960] Freeing unused kernel image memory: 2440K
[    2.260876] Write protecting the kernel read-only data: 20480k
[    2.265641] Freeing unused kernel image memory: 2008K
[    2.268990] Freeing unused kernel image memory: 1868K
[    2.286069] x86/mm: Checked W+X mappings: passed, no W+X pages found.
Loading, please wait...
starting version 237
[    2.494147] e1000: Intel(R) PRO/1000 Network Driver - version 7.3.21-k8-NAPI
[    2.499316] e1000: Copyright (c) 1999-2006 Intel Corporation.
[    2.516065] Fusion MPT base driver 3.04.20
[    2.519775] Copyright (c) 1999-2008 LSI Corporation
[    2.557688] AVX2 version of gcm_enc/dec engaged.
[    2.560206] AES CTR mode by8 optimization enabled
[    2.588702] Fusion MPT SPI Host driver 3.04.20
[    2.780855] input: ImExPS/2 Generic Explorer Mouse as /devices/platform/i8042/serio1/input/input4
[    3.200448] e1000 0000:00:03.0 eth0: (PCI:33MHz:32-bit) 02:b0:7e:28:3d:e6
[    3.206233] e1000 0000:00:03.0 eth0: Intel(R) PRO/1000 Network Connection
[    3.215962] mptbase: ioc0: Initiating bringup
[    3.222516] e1000 0000:00:03.0 enp0s3: renamed from eth0
[    4.140784] ioc0: LSI53C1030 A0: Capabilities={Initiator}
[    5.166118] scsi host2: ioc0: LSI53C1030 A0, FwRev=00000000h, Ports=1, MaxQ=256, IRQ=20
[    6.286109] scsi 2:0:0:0: Direct-Access     VBOX     HARDDISK         1.0  PQ: 0 ANSI: 5
[    7.162607] scsi target2:0:0: Beginning Domain Validation
[    7.173647] scsi target2:0:0: Domain Validation skipping write tests
[    7.178558] scsi target2:0:0: Ending Domain Validation
[    7.183334] scsi target2:0:0: asynchronous
[    7.188254] random: fast init done
[    7.191968] scsi 2:0:1:0: Direct-Access     VBOX     HARDDISK         1.0  PQ: 0 ANSI: 5
[    7.905275] scsi target2:0:1: Beginning Domain Validation
[    7.913384] scsi target2:0:1: Domain Validation skipping write tests
[    7.918064] scsi target2:0:1: Ending Domain Validation
[    7.922008] scsi target2:0:1: asynchronous
[    7.936588] random: systemd-udevd: uninitialized urandom read (16 bytes read)
[    7.944296] sd 2:0:0:0: Attached scsi generic sg0 type 0
[    7.944314] random: systemd-udevd: uninitialized urandom read (16 bytes read)
[    7.952695] sd 2:0:0:0: [sda] 20971520 512-byte logical blocks: (10.7 GB/10.0 GiB)
[    7.955269] random: systemd-udevd: uninitialized urandom read (16 bytes read)
[    7.959509] sd 2:0:0:0: [sda] Write Protect is off
[    7.968752] sd 2:0:1:0: Attached scsi generic sg1 type 0
[    7.973915] sd 2:0:0:0: [sda] Incomplete mode parameter data
[    7.977371] sd 2:0:0:0: [sda] Assuming drive cache: write through
[    7.982870] sd 2:0:1:0: [sdb] 20480 512-byte logical blocks: (10.5 MB/10.0 MiB)
[    7.987262] sd 2:0:1:0: [sdb] Write Protect is off
[    7.989367]  sda: sda1
[    7.993351] sd 2:0:1:0: [sdb] Incomplete mode parameter data
[    7.994409] sd 2:0:0:0: [sda] Attached SCSI disk
[    7.996942] sd 2:0:1:0: [sdb] Assuming drive cache: write through
[    8.008466] sd 2:0:1:0: [sdb] Attached SCSI disk
Begin: Loading essential drivers ... [   10.156091] raid6: sse2x1   gen()  4075 MB/s
[   10.204282] raid6: sse2x1   xor()  2423 MB/s
[   10.252031] raid6: sse2x2   gen()  5118 MB/s
[   10.300678] raid6: sse2x2   xor()  2746 MB/s
[   10.348860] raid6: sse2x4   gen()  4481 MB/s
[   10.396210] raid6: sse2x4   xor()  2548 MB/s
[   10.444210] raid6: avx2x1   gen()  5398 MB/s
[   10.492636] raid6: avx2x1   xor()  3634 MB/s
[   10.540260] raid6: avx2x2   gen()  7278 MB/s
[   10.588452] raid6: avx2x2   xor()  5366 MB/s
[   10.640299] raid6: avx2x4   gen()  9361 MB/s
[   10.688449] raid6: avx2x4   xor()  5915 MB/s
[   10.691292] raid6: using algorithm avx2x4 gen() 9361 MB/s
[   10.693841] raid6: .... xor() 5915 MB/s, rmw enabled
[   10.696022] raid6: using avx2x2 recovery algorithm
[   10.701975] xor: automatically using best checksumming function   avx       
[   10.712196] async_tx: api initialized (async)
done.
Begin: Running /scripts/init-premount ... done.
Begin: Mounting root file system ... Begin: Running /scripts/local-top ... done.
Begin: Running /scripts/local-premount ... [   10.839421] Btrfs loaded, crc32c=crc32c-intel
Scanning for Btrfs filesystems
done.
Warning: fsck not present, so skipping root file system
[   10.925035] EXT4-fs (sda1): INFO: recovery required on readonly filesystem
[   10.931300] EXT4-fs (sda1): write access will be enabled during recovery
[   11.030191] EXT4-fs (sda1): recovery complete
[   11.034088] EXT4-fs (sda1): mounted filesystem with ordered data mode. Opts: (null)
done.
Begin: Running /scripts/local-bottom ... done.
Begin: Running /scripts/init-bottom ... done.
[   11.375991] ip_tables: (C) 2000-2006 Netfilter Core Team
[   11.403745] systemd[1]: systemd 237 running in system mode. (+PAM +AUDIT +SELINUX +IMA +APPARMOR +SMACK +SYSVINIT +UTMP +LIBCRYPTSETUP +GCRYPT +GNUTLS +ACL +XZ +LZ4 +SECCOMP +BLKID +ELFUTILS +KMOD -IDN2 +IDN -PCRE2 default-hierarchy=hybrid)
[   11.417824] systemd[1]: Detected virtualization oracle.
[   11.422168] systemd[1]: Detected architecture x86-64.

Welcome to [1mUbuntu 18.04.5 LTS[0m!

[   11.450300] systemd[1]: Set hostname to <ubuntu-bionic>.
[   11.948842] systemd[1]: Created slice User and Session Slice.
[[0;32m  OK  [0m] Created slice User and Session Slice.
[   11.957762] systemd[1]: Reached target System Time Synchronized.
[[0;32m  OK  [0m] Reached target System Time Synchronized.
[   11.977474] systemd[1]: Started Forward Password Requests to Wall Directory Watch.
[[0;32m  OK  [0m] Started Forward Password Requests to Wall Directory Watch.
[   11.984175] systemd[1]: Created slice System Slice.
[[0;32m  OK  [0m] Created slice System Slice.
[   11.988477] systemd[1]: Listening on Device-mapper event daemon FIFOs.
[[0;32m  OK  [0m] Listening on Device-mapper event daemon FIFOs.
[   11.994864] systemd[1]: Listening on /dev/initctl Compatibility Named Pipe.
[[0;32m  OK  [0m] Listening on /dev/initctl Compatibility Named Pipe.
[[0;32m  OK  [0m] Listening on LVM2 metadata daemon socket.
[[0;32m  OK  [0m] Listening on udev Kernel Socket.
[[0;32m  OK  [0m] Listening on LVM2 poll daemon socket.
[[0;32m  OK  [0m] Listening on Syslog Socket.
[[0;32m  OK  [0m] Created slice system-serial\x2dgetty.slice.
[[0;32m  OK  [0m] Listening on Journal Audit Socket.
[[0;32m  OK  [0m] Listening on Network Service Netlink Socket.
[[0;32m  OK  [0m] Listening on udev Control Socket.
[[0;32m  OK  [0m] Listening on Journal Socket (/dev/log).
[[0;32m  OK  [0m] Reached target Swap.
[[0;32m  OK  [0m] Set up automount Arbitrary Executab…rmats File System Automount Point.
[[0;32m  OK  [0m] Reached target User and Group Name Lookups.
[[0;32m  OK  [0m] Listening on Journal Socket.
         Mounting Huge Pages File System...
         Starting Monitoring of LVM2 mirrors…ng dmeventd or progress polling...
         Starting Uncomplicated firewall...
         Starting Load Kernel Modules...
         Mounting Kernel Debug File System...
         Mounting POSIX Message Queue File System...
         Starting udev Coldplug all Devices...
         Starting Remount Root and Kernel File Systems...
         Starting Create list of required st…ce nodes for the current kernel...
         Starting Journal Service...
         Starting Set the console keyboard layout...
[[0;32m  OK  [0m] Reached target Slices.
[[0;32m  OK  [0m] Mounted Huge Pages File System.
[[0;32m  OK  [0m] Started Uncomplicated firewall.
[[0;32m  OK  [0m] Mounted Kernel Debug File System.
[[0;32m  OK  [0m] Mounted POSIX Message Queue File System.
[[0;32m  OK  [0m] Started Create list of required sta…vice nodes for the current kernel.
[[0;32m  OK  [0m] Started LVM2 metadata daemon.
         Starting Create Static Device Nodes in /dev...
[   12.262590] Loading iSCSI transport class v2.0-870.
[   12.267463] EXT4-fs (sda1): re-mounted. Opts: (null)
[[0;32m  OK  [0m] Started Remount Root and Kernel File Systems.
[   12.346756] iscsi: registered transport (tcp)
         Starting Load/Save Random Seed...
[[0;32m  OK  [0m] Started Journal Service.
[[0;32m  OK  [0m] Started udev Coldplug all Devices.
[[0;32m  OK  [0m] Started Create Static Device Nodes in /dev.
         Starting udev Kernel Device Manager...
         Starting Flush Journal to Persistent Storage...
[[0;32m  OK  [0m] Started Load/Save Random Seed.
[[0;32m  OK  [0m] Started Monitoring of LVM2 mirrors,…sing dmeventd or progress polling.
[   12.459786] systemd-journald[418]: Received request to flush runtime journal from PID 1
[[0;32m  OK  [0m] Started udev Kernel Device Manager.
[   12.600480] systemd-journald[418]: File /var/log/journal/d35c49dc32fb490b855343136c802686/system.journal corrupted or uncleanly shut down, renaming and replacing.
[   12.622275] iscsi: registered transport (iser)
[[0;32m  OK  [0m] Started Load Kernel Modules.
         Mounting FUSE Control File System...
         Mounting Kernel Configuration File System...
         Starting Apply Kernel Variables...
[   12.660033] random: crng init done
[   12.662389] random: 7 urandom warning(s) missed due to ratelimiting
[[0;32m  OK  [0m] Mounted FUSE Control File System.
[[0;32m  OK  [0m] Mounted Kernel Configuration File System.
[[0;32m  OK  [0m] Started Apply Kernel Variables.
[[0;32m  OK  [0m] Started Set the console keyboard layout.
[[0;32m  OK  [0m] Reached target Local File Systems (Pre).
[[0;32m  OK  [0m] Reached target Local File Systems.
         Starting Set console font and keymap...
         Starting ebtables ruleset management...
         Starting AppArmor initialization...
         Starting Tell Plymouth To Write Out Runtime Data...
[[0;32m  OK  [0m] Started Dispatch Password Requests to Console Directory Watch.
[[0;32m  OK  [0m] Reached target Local Encrypted Volumes.
[[0;32m  OK  [0m] Started Set console font and keymap.
[[0;32m  OK  [0m] Started Tell Plymouth To Write Out Runtime Data.
[[0;32m  OK  [0m] Started Flush Journal to Persistent Storage.
         Starting Create Volatile Files and Directories...
[[0;32m  OK  [0m] Started Create Volatile Files and Directories.
         Starting Update UTMP about System Boot/Shutdown...
[[0;32m  OK  [0m] Started ebtables ruleset management.
[[0;32m  OK  [0m] Started Update UTMP about System Boot/Shutdown.
[[0;32m  OK  [0m] Started AppArmor initialization.
         Starting Initial cloud-init job (pre-networking)...
         Starting Load AppArmor profiles managed internally by snapd...
[[0;32m  OK  [0m] Started Load AppArmor profiles managed internally by snapd.
[[0;32m  OK  [0m] Found device /dev/ttyS0.
[[0;32m  OK  [0m] Listening on Load/Save RF Kill Switch Status /dev/rfkill Watch.
[   16.394226] cloud-init[530]: Cloud-init v. 20.3-2-g371b392c-0ubuntu1~18.04.1 running 'init-local' at Sun, 14 Feb 2021 04:43:17 +0000. Up 15.94 seconds.
[[0;32m  OK  [0m] Started Initial cloud-init job (pre-networking).
[[0;32m  OK  [0m] Reached target Network (Pre).
         Starting Network Service...
[[0;32m  OK  [0m] Started Network Service.
         Starting Wait for Network to be Configured...
         Starting Network Name Resolution...
[[0;32m  OK  [0m] Started Network Name Resolution.
[[0;32m  OK  [0m] Reached target Network.
[[0;32m  OK  [0m] Reached target Host and Network Name Lookups.
[[0;32m  OK  [0m] Started Wait for Network to be Configured.
         Starting Initial cloud-init job (metadata service crawler)...
[   19.702354] cloud-init[671]: Cloud-init v. 20.3-2-g371b392c-0ubuntu1~18.04.1 running 'init' at Sun, 14 Feb 2021 04:43:20 +0000. Up 19.22 seconds.
[   19.705071] cloud-init[671]: ci-info: ++++++++++++++++++++++++++++++++++++++Net device info++++++++++++++++++++++++++++++++++++++
[   19.707554] cloud-init[671]: ci-info: +--------+------+----------------------------+---------------+--------+-------------------+
[   19.710248] cloud-init[671]: ci-info: | Device |  Up  |          Address           |      Mask     | Scope  |     Hw-Address    |
[   19.724675] cloud-init[671]: ci-info: +--------+------+----------------------------+---------------+--------+-------------------+
[   19.728536] cloud-init[671]: ci-info: | enp0s3 | True |         10.0.2.15          | 255.255.255.0 | global | 02:b0:7e:28:3d:e6 |
[   19.731469] cloud-init[671]: ci-info: | enp0s3 | True | fe80::b0:7eff:fe28:3de6/64 |       .       |  link  | 02:b0:7e:28:3d:e6 |
[   19.734512] cloud-init[671]: ci-info: |   lo   | True |         127.0.0.1          |   255.0.0.0   |  host  |         .         |
[   19.737842] cloud-init[671]: ci-info: |   lo   | True |          ::1/128           |       .       |  host  |         .         |
[   19.740569] cloud-init[671]: ci-info: +--------+------+----------------------------+---------------+--------+-------------------+
[   19.762705] cloud-init[671]: ci-info: ++++++++++++++++++++++++++++Route IPv4 info+++++++++++++++++++++++++++++
[   19.776481] cloud-init[671]: ci-info: +-------+-------------+----------+-----------------+-----------+-------+
[   19.779800] cloud-init[671]: ci-info: | Route | Destination | Gateway  |     Genmask     | Interface | Flags |
[   19.785468] cloud-init[671]: ci-info: +-------+-------------+----------+-----------------+-----------+-------+
[   19.791937] cloud-init[671]: ci-info: |   0   |   0.0.0.0   | 10.0.2.2 |     0.0.0.0     |   enp0s3  |   UG  |
[   19.804507] cloud-init[671]: ci-info: |   1   |   10.0.2.0  | 0.0.0.0  |  255.255.255.0  |   enp0s3  |   U   |
[   19.816741] cloud-init[671]: ci-info: |   2   |   10.0.2.2  | 0.0.0.0  | 255.255.255.255 |   enp0s3  |   UH  |
[   19.819265] cloud-init[671]: ci-info: +-------+-------------+----------+-----------------+-----------+-------+
[   19.821843] cloud-init[671]: ci-info: +++++++++++++++++++Route IPv6 info+++++++++++++++++++
[   19.824032] cloud-init[671]: ci-info: +-------+-------------+---------+-----------+-------+
[   19.826256] cloud-init[671]: ci-info: | Route | Destination | Gateway | Interface | Flags |
[   19.836472] cloud-init[671]: ci-info: +-------+-------------+---------+-----------+-------+
[   19.839332] cloud-init[671]: ci-info: |   1   |  fe80::/64  |    ::   |   enp0s3  |   U   |
[   19.842542] cloud-init[671]: ci-info: |   3   |    local    |    ::   |   enp0s3  |   U   |
[   19.856364] cloud-init[671]: ci-info: |   4   |   ff00::/8  |    ::   |   enp0s3  |   U   |
[   19.868940] cloud-init[671]: ci-info: +-------+-------------+---------+-----------+-------+
[[0;32m  OK  [0m] Started Initial cloud-init job (metadata service crawler).
[[0;32m  OK  [0m] Reached target Cloud-config availability.
[[0;32m  OK  [0m] Reached target Network is Online.
[[0;32m  OK  [0m] Reached target Remote File Systems (Pre).
[[0;32m  OK  [0m] Reached target Remote File Systems.
         Starting Availability of block devices...
[[0;32m  OK  [0m] Reached target System Initialization.
[[0;32m  OK  [0m] Started Message of the Day.
[[0;32m  OK  [0m] Listening on ACPID Listen Socket.
         Starting Socket activation for snappy daemon.
[[0;32m  OK  [0m] Started Daily Cleanup of Temporary Directories.
         Starting LXD - unix socket.
[[0;32m  OK  [0m] Started Daily apt download activities.
[[0;32m  OK  [0m] Listening on UUID daemon activation socket.
[[0;32m  OK  [0m] Started Daily apt upgrade and clean activities.
[[0;32m  OK  [0m] Listening on D-Bus System Message Bus Socket.
[[0;32m  OK  [0m] Started ACPI Events Check.
[[0;32m  OK  [0m] Reached target Paths.
[[0;32m  OK  [0m] Listening on Open-iSCSI iscsid Socket.
[[0;32m  OK  [0m] Started Discard unused blocks once a week.
[[0;32m  OK  [0m] Reached target Timers.
[[0;32m  OK  [0m] Started Availability of block devices.
[[0;32m  OK  [0m] Listening on Socket activation for snappy daemon.
[[0;32m  OK  [0m] Listening on LXD - unix socket.
[[0;32m  OK  [0m] Reached target Sockets.
[[0;32m  OK  [0m] Reached target Basic System.
[[0;32m  OK  [0m] Started D-Bus System Message Bus.
[[0;32m  OK  [0m] Started Regular background program processing daemon.
         Starting System Logging Service...
         Starting Discard unused blocks...
         Starting Virtualbox guest utils...
[[0;32m  OK  [0m] Started FUSE filesystem for LXC.
[[0;32m  OK  [0m] Started irqbalance daemon.
[[0;32m  OK  [0m] Started Deferred execution scheduler.
         Starting Dispatcher daemon for systemd-networkd...
         Starting Permit User Sessions...
         Starting Message of the Day...
         Starting Login Service...
         Starting Accounts Service...
         Starting LXD - container startup/shutdown...
         Starting LSB: Record successful boot for GRUB...
         Starting LSB: automatic crash report generation...
         Starting Snap Daemon...
         Starting OpenBSD Secure Shell server...
[[0;32m  OK  [0m] Started System Logging Service.
[[0;32m  OK  [0m] Started Discard unused blocks.
[[0;32m  OK  [0m] Started Permit User Sessions.
[[0;32m  OK  [0m] Started Login Service.
[[0;32m  OK  [0m] Started Unattended Upgrades Shutdown.
         Starting Authorization Manager...
         Starting Terminate Plymouth Boot Screen...
         Starting Hold until boot process finishes up...
[[0;32m  OK  [0m] Started Hold until boot process finishes up.
[[0;32m  OK  [0m] Started Terminate Plymouth Boot Screen.
         Starting Set console scheme...
[[0;32m  OK  [0m] Started Serial Getty on ttyS0.
[[0;32m  OK  [0m] Started Set console scheme.
[[0;32m  OK  [0m] Created slice system-getty.slice.
[[0;32m  OK  [0m] Started Getty on tty1.
[[0;32m  OK  [0m] Reached target Login Prompts.
[[0;32m  OK  [0m] Started LSB: automatic crash report generation.
[[0;32m  OK  [0m] Started LSB: Record successful boot for GRUB.
[[0;32m  OK  [0m] Started Authorization Manager.
[[0;32m  OK  [0m] Started Accounts Service.
[[0;32m  OK  [0m] Started OpenBSD Secure Shell server.
[[0;32m  OK  [0m] Started LXD - container startup/shutdown.
[[0;32m  OK  [0m] Started Virtualbox guest utils.
[[0;32m  OK  [0m] Started Dispatcher daemon for systemd-networkd.
[[0;32m  OK  [0m] Started Snap Daemon.
         Starting Wait until snapd is fully seeded...
[[0;32m  OK  [0m] Started Wait until snapd is fully seeded.
         Starting Apply the settings specified in cloud-config...
[[0;32m  OK  [0m] Reached target Multi-User System.
[[0;32m  OK  [0m] Reached target Graphical Interface.
         Starting Update UTMP about System Runlevel Changes...
[[0;32m  OK  [0m] Started Update UTMP about System Runlevel Changes.
[   24.116815] cloud-init[1005]: Cloud-init v. 20.3-2-g371b392c-0ubuntu1~18.04.1 running 'modules:config' at Sun, 14 Feb 2021 04:43:25 +0000. Up 23.83 seconds.
[[0;32m  OK  [0m] Started Apply the settings specified in cloud-config.
         Starting Execute cloud user/final scripts...
[   25.506721] cloud-init[1049]: Cloud-init v. 20.3-2-g371b392c-0ubuntu1~18.04.1 running 'modules:final' at Sun, 14 Feb 2021 04:43:26 +0000. Up 25.22 seconds.
[   25.511389] cloud-init[1049]: Cloud-init v. 20.3-2-g371b392c-0ubuntu1~18.04.1 finished at Sun, 14 Feb 2021 04:43:26 +0000. Datasource DataSourceNoCloud [seed=/dev/sdb][dsmode=net].  Up 25.48 seconds
[[0;32m  OK  [0m] Started Execute cloud user/final scripts.
[[0;32m  OK  [0m] Reached target Cloud-init target.
[[0;32m  OK  [0m] Started Message of the Day.

Ubuntu 18.04.5 LTS ubuntu-bionic ttyS0

ubuntu-bionic login: [[0;32m  OK  [0m] Closed Load/Save RF Kill Switch Status /dev/rfkill Watch.
[[0;32m  OK  [0m] Stopped target Graphical Interface.
         Stopping Session 16 of user vagrant.
         Stopping Availability of block devices...
         Stopping Accounts Service...
         Stopping User Manager for UID 1000...
[[0;32m  OK  [0m] Stopped target Cloud-init target.
[[0;32m  OK  [0m] Stopped Execute cloud user/final scripts.
[[0;32m  OK  [0m] Stopped Apply the settings specified in cloud-config.
[[0;32m  OK  [0m] Stopped target Cloud-config availability.
[[0;32m  OK  [0m] Stopped target Timers.
[[0;32m  OK  [0m] Stopped Daily Cleanup of Temporary Directories.
[[0;32m  OK  [0m] Stopped Message of the Day.
[[0;32m  OK  [0m] Stopped target Network is Online.
         Stopping Authorization Manager...
[[0;32m  OK  [0m] Stopped target Host and Network Name Lookups.
[[0;32m  OK  [0m] Stopped Discard unused blocks once a week.
[[0;32m  OK  [0m] Stopped target Multi-User System.
         Stopping Regular background program processing daemon...
         Stopping Unattended Upgrades Shutdown...
         Stopping FUSE filesystem for LXC...
         Stopping Virtualbox guest utils...
         Stopping LSB: automatic crash report generation...
         Stopping LXD - container startup/shutdown...
[[0;32m  OK  [0m] Stopped Wait until snapd is fully seeded.
         Stopping Dispatcher daemon for systemd-networkd...
[[0;32m  OK  [0m] Stopped target Login Prompts.
         Stopping Getty on tty1...
         Stopping Serial Getty on ttyS0...
         Stopping OpenBSD Secure Shell server...
         Stopping irqbalance daemon...
         Stopping Deferred execution scheduler...
         Stopping LSB: Record successful boot for GRUB...
         Stopping System Logging Service...
         Stopping D-Bus System Message Bus...
[[0;32m  OK  [0m] Stopped Daily apt upgrade and clean activities.
[[0;32m  OK  [0m] Stopped Daily apt download activities.
[[0;32m  OK  [0m] Stopped target System Time Synchronized.
[[0;32m  OK  [0m] Unmounted /var/lib/lxcfs.
[[0;32m  OK  [0m] Stopped Regular background program processing daemon.
[[0;32m  OK  [0m] Stopped irqbalance daemon.
[[0;32m  OK  [0m] Stopped System Logging Service.
[[0;32m  OK  [0m] Stopped Deferred execution scheduler.
[[0;32m  OK  [0m] Stopped Dispatcher daemon for systemd-networkd.
[[0;32m  OK  [0m] Stopped Accounts Service.
[[0;32m  OK  [0m] Stopped Unattended Upgrades Shutdown.
[[0;32m  OK  [0m] Stopped Authorization Manager.
[[0;32m  OK  [0m] Stopped Serial Getty on ttyS0.
[[0;32m  OK  [0m] Stopped Getty on tty1.
[[0;32m  OK  [0m] Stopped OpenBSD Secure Shell server.
[[0;32m  OK  [0m] Stopped User Manager for UID 1000.
[[0;32m  OK  [0m] Stopped Availability of block devices.
[[0;32m  OK  [0m] Stopped D-Bus System Message Bus.
[[0;32m  OK  [0m] Stopped FUSE filesystem for LXC.
[[0;32m  OK  [0m] Stopped Session 16 of user vagrant.
[[0;32m  OK  [0m] Removed slice User Slice of vagrant.
[[0;32m  OK  [0m] Removed slice system-getty.slice.
         Stopping Permit User Sessions...
[[0;32m  OK  [0m] Removed slice system-serial\x2dgetty.slice.
         Stopping Login Service...
[[0;32m  OK  [0m] Stopped LXD - container startup/shutdown.
[[0;32m  OK  [0m] Stopped Permit User Sessions.
[[0;32m  OK  [0m] Stopped target Network.
         Stopping Network Name Resolution...
[[0;32m  OK  [0m] Stopped LSB: Record successful boot for GRUB.
[[0;32m  OK  [0m] Stopped LSB: automatic crash report generation.
[[0;32m  OK  [0m] Stopped target Remote File Systems.
[[0;32m  OK  [0m] Stopped target Remote File Systems (Pre).
[[0;32m  OK  [0m] Stopped Virtualbox guest utils.
[[0;32m  OK  [0m] Stopped Network Name Resolution.
[[0;32m  OK  [0m] Stopped Login Service.
[[0;32m  OK  [0m] Stopped target User and Group Name Lookups.
[[0;32m  OK  [0m] Stopped target Basic System.
[[0;32m  OK  [0m] Stopped target Slices.
[[0;32m  OK  [0m] Removed slice User and Session Slice.
[[0;32m  OK  [0m] Stopped target Paths.
[[0;32m  OK  [0m] Stopped ACPI Events Check.
[[0;32m  OK  [0m] Stopped target Sockets.
[[0;32m  OK  [0m] Closed D-Bus System Message Bus Socket.
[[0;32m  OK  [0m] Closed Syslog Socket.
[[0;32m  OK  [0m] Closed ACPID Listen Socket.
[[0;32m  OK  [0m] Closed Open-iSCSI iscsid Socket.
[[0;32m  OK  [0m] Closed UUID daemon activation socket.
[[0;32m  OK  [0m] Closed Socket activation for snappy daemon.
[[0;32m  OK  [0m] Closed LXD - unix socket.
[[0;32m  OK  [0m] Stopped target System Initialization.
         Stopping Load/Save Random Seed...
         Stopping Update UTMP about System Boot/Shutdown...
[[0;32m  OK  [0m] Stopped Initial cloud-init job (metadata service crawler).
[[0;32m  OK  [0m] Stopped Wait for Network to be Configured.
         Stopping Network Service...
[[0;32m  OK  [0m] Stopped target Local Encrypted Volumes.
[[0;32m  OK  [0m] Stopped Dispatch Password Requests to Console Directory Watch.
[[0;32m  OK  [0m] Stopped Forward Password Requests to Wall Directory Watch.
[[0;32m  OK  [0m] Stopped Network Service.
[[0;32m  OK  [0m] Stopped Load/Save Random Seed.
[[0;32m  OK  [0m] Stopped target Network (Pre).
[[0;32m  OK  [0m] Stopped Initial cloud-init job (pre-networking).
[[0;32m  OK  [0m] Stopped Apply Kernel Variables.
[[0;32m  OK  [0m] Stopped Load Kernel Modules.
[[0;32m  OK  [0m] Stopped Update UTMP about System Boot/Shutdown.
[[0;32m  OK  [0m] Stopped Create Volatile Files and Directories.
[[0;32m  OK  [0m] Stopped target Local File Systems.
         Unmounting /run/user/1000...
[[0;32m  OK  [0m] Unmounted /run/user/1000.
[[0;32m  OK  [0m] Reached target Unmount All Filesystems.
[[0;32m  OK  [0m] Stopped target Swap.
[[0;32m  OK  [0m] Stopped target Local File Systems (Pre).
[[0;32m  OK  [0m] Stopped Create Static Device Nodes in /dev.
         Stopping Monitoring of LVM2 mirrors…ng dmeventd or progress polling...
[[0;32m  OK  [0m] Stopped Remount Root and Kernel File Systems.
[[0;32m  OK  [0m] Reached target Shutdown.
[[0;32m  OK  [0m] Reached target Final Step.
         Starting Power-Off...
[25937.385816] reboot: Power down
